Unity project/Library/Bee/Android/Prj/IL2CPP/Gradle/launcher/build/intermediates/manifest_merge_blame_file/release/manifest-merger-blame-release-report.txt
1<?xml version="1.0" encoding="utf-8"?>
2<manifest xmlns:android="http://schemas.android.com/apk/res/android"
3    package="com.UnityTechnologies.com.unity.template.urpblank"
4    android:installLocation="preferExternal"
5    android:versionCode="1"
6    android:versionName="0.1.0" >
7
8    <uses-sdk
9        android:minSdkVersion="23"
9-->src\main\AndroidManifest.xml
10        android:targetSdkVersion="32" />
10-->src\main\AndroidManifest.xml
11
12    <supports-screens
12-->src\main\AndroidManifest.xml:4:3-163
13        android:anyDensity="true"
13-->src\main\AndroidManifest.xml:4:135-160
14        android:largeScreens="true"
14-->src\main\AndroidManifest.xml:4:78-105
15        android:normalScreens="true"
15-->src\main\AndroidManifest.xml:4:49-77
16        android:smallScreens="true"
16-->src\main\AndroidManifest.xml:4:21-48
17        android:xlargeScreens="true" />
17-->src\main\AndroidManifest.xml:4:106-134
18
19    <uses-permission android:name="android.permission.INTERNET" />
19-->[:unityLibrary] AndroidManifest.xml:10:5-67
19-->[:unityLibrary] AndroidManifest.xml:10:22-64
20
21    <uses-feature android:glEsVersion="0x00030000" />
21-->[:unityLibrary] AndroidManifest.xml:12:5-54
21-->[:unityLibrary] AndroidManifest.xml:12:19-51
22    <uses-feature
22-->[:unityLibrary] AndroidManifest.xml:13:5-15:36
23        android:name="android.hardware.vulkan.version"
23-->[:unityLibrary] AndroidManifest.xml:14:9-55
24        android:required="false" />
24-->[:unityLibrary] AndroidManifest.xml:15:9-33
25    <uses-feature
25-->[:unityLibrary] AndroidManifest.xml:16:5-18:36
26        android:name="android.hardware.touchscreen"
26-->[:unityLibrary] AndroidManifest.xml:17:9-52
27        android:required="false" />
27-->[:unityLibrary] AndroidManifest.xml:18:9-33
28    <uses-feature
28-->[:unityLibrary] AndroidManifest.xml:19:5-21:36
29        android:name="android.hardware.touchscreen.multitouch"
29-->[:unityLibrary] AndroidManifest.xml:20:9-63
30        android:required="false" />
30-->[:unityLibrary] AndroidManifest.xml:21:9-33
31    <uses-feature
31-->[:unityLibrary] AndroidManifest.xml:22:5-24:36
32        android:name="android.hardware.touchscreen.multitouch.distinct"
32-->[:unityLibrary] AndroidManifest.xml:23:9-72
33        android:required="false" />
33-->[:unityLibrary] AndroidManifest.xml:24:9-33
34
35    <uses-permission android:name="com.oculus.permission.HAND_TRACKING" />
35-->[:unityLibrary] AndroidManifest.xml:26:5-75
35-->[:unityLibrary] AndroidManifest.xml:26:22-72
36
37    <uses-feature
37-->[:unityLibrary] AndroidManifest.xml:28:5-30:36
38        android:name="oculus.software.handtracking"
38-->[:unityLibrary] AndroidManifest.xml:29:9-52
39        android:required="false" />
39-->[:unityLibrary] AndroidManifest.xml:30:9-33
40    <uses-feature
40-->[:unityLibrary:xrmanifest.androidlib] AndroidManifest.xml:9:5-12:31
41        android:name="android.hardware.vr.headtracking"
41-->[:unityLibrary:xrmanifest.androidlib] AndroidManifest.xml:10:9-56
42        android:required="true"
42-->[:unityLibrary:xrmanifest.androidlib] AndroidManifest.xml:11:9-32
43        android:version="1" />
43-->[:unityLibrary:xrmanifest.androidlib] AndroidManifest.xml:12:9-28
44
45    <application
45-->src\main\AndroidManifest.xml:3:3-83
46        android:extractNativeLibs="true"
46-->[:unityLibrary] AndroidManifest.xml:32:18-50
47        android:icon="@mipmap/app_icon"
47-->src\main\AndroidManifest.xml:3:49-80
48        android:label="@string/app_name" >
48-->src\main\AndroidManifest.xml:3:16-48
49        <meta-data
49-->[:unityLibrary] AndroidManifest.xml:33:9-35:33
50            android:name="unity.splash-mode"
50-->[:unityLibrary] AndroidManifest.xml:34:13-45
51            android:value="0" />
51-->[:unityLibrary] AndroidManifest.xml:35:13-30
52        <meta-data
52-->[:unityLibrary] AndroidManifest.xml:36:9-38:36
53            android:name="unity.splash-enable"
53-->[:unityLibrary] AndroidManifest.xml:37:13-47
54            android:value="True" />
54-->[:unityLibrary] AndroidManifest.xml:38:13-33
55        <meta-data
55-->[:unityLibrary] AndroidManifest.xml:39:9-41:36
56            android:name="unity.launch-fullscreen"
56-->[:unityLibrary] AndroidManifest.xml:40:13-51
57            android:value="True" />
57-->[:unityLibrary] AndroidManifest.xml:41:13-33
58        <meta-data
58-->[:unityLibrary] AndroidManifest.xml:42:9-44:50
59            android:name="notch.config"
59-->[:unityLibrary] AndroidManifest.xml:43:13-40
60            android:value="portrait|landscape" />
60-->[:unityLibrary] AndroidManifest.xml:44:13-47
61        <meta-data
61-->[:unityLibrary] AndroidManifest.xml:45:9-47:36
62            android:name="unity.auto-report-fully-drawn"
62-->[:unityLibrary] AndroidManifest.xml:46:13-57
63            android:value="true" />
63-->[:unityLibrary] AndroidManifest.xml:47:13-33
64
65        <activity
65-->[:unityLibrary] AndroidManifest.xml:49:9-72:20
66            android:name="com.unity3d.player.UnityPlayerActivity"
66-->[:unityLibrary] AndroidManifest.xml:50:13-66
67            android:configChanges="mcc|mnc|locale|touchscreen|keyboard|keyboardHidden|navigation|orientation|screenLayout|uiMode|screenSize|smallestScreenSize|fontScale|layoutDirection|density"
67-->[:unityLibrary] AndroidManifest.xml:51:13-194
68            android:exported="true"
68-->[:unityLibrary] AndroidManifest.xml:52:13-36
69            android:hardwareAccelerated="false"
69-->[:unityLibrary] AndroidManifest.xml:53:13-48
70            android:launchMode="singleTask"
70-->[:unityLibrary] AndroidManifest.xml:54:13-44
71            android:resizeableActivity="false"
71-->[:unityLibrary] AndroidManifest.xml:55:13-47
72            android:screenOrientation="fullUser"
72-->[:unityLibrary] AndroidManifest.xml:56:13-49
73            android:theme="@style/UnityThemeSelector" >
73-->[:unityLibrary] AndroidManifest.xml:57:13-54
74            <intent-filter>
74-->[:unityLibrary] AndroidManifest.xml:58:13-64:29
75                <category android:name="android.intent.category.LAUNCHER" />
75-->[:unityLibrary] AndroidManifest.xml:59:17-77
75-->[:unityLibrary] AndroidManifest.xml:59:27-74
76
77                <action android:name="android.intent.action.MAIN" />
77-->[:unityLibrary] AndroidManifest.xml:61:17-69
77-->[:unityLibrary] AndroidManifest.xml:61:25-66
78
79                <category android:name="com.oculus.intent.category.VR" />
79-->[:unityLibrary] AndroidManifest.xml:63:17-74
79-->[:unityLibrary] AndroidManifest.xml:63:27-71
80            </intent-filter>
81
82            <meta-data
82-->[:unityLibrary] AndroidManifest.xml:66:13-68:40
83                android:name="unityplayer.UnityActivity"
83-->[:unityLibrary] AndroidManifest.xml:67:17-57
84                android:value="true" />
84-->[:unityLibrary] AndroidManifest.xml:68:17-37
85            <meta-data
85-->[:unityLibrary] AndroidManifest.xml:69:13-71:40
86                android:name="notch_support"
86-->[:unityLibrary] AndroidManifest.xml:70:17-45
87                android:value="true" />
87-->[:unityLibrary] AndroidManifest.xml:71:17-37
88            <meta-data
88-->[:unityLibrary:xrmanifest.androidlib] AndroidManifest.xml:16:13-18:40
89                android:name="com.oculus.vr.focusaware"
89-->[:unityLibrary:xrmanifest.androidlib] AndroidManifest.xml:17:17-56
90                android:value="true" />
90-->[:unityLibrary:xrmanifest.androidlib] AndroidManifest.xml:18:17-37
91        </activity>
92
93        <meta-data
93-->[:unityLibrary:xrmanifest.androidlib] AndroidManifest.xml:21:9-23:52
94            android:name="com.oculus.supportedDevices"
94-->[:unityLibrary:xrmanifest.androidlib] AndroidManifest.xml:22:13-55
95            android:value="quest|quest2|cambria" />
95-->[:unityLibrary:xrmanifest.androidlib] AndroidManifest.xml:23:13-49
96    </application>
97
98</manifest>